#
# A fatal error has been detected by the Java Runtime Environment:
#
#  SIGSEGV (0xb) at pc=0x00007f0dc55ab744, pid=26867, tid=0x00007f0dc60fe740
#
# JRE version: OpenJDK Runtime Environment (8.0_212-b04) (build 1.8.0_212-b04)
# Java VM: OpenJDK 64-Bit Server VM (25.212-b04 mixed mode linux-amd64 compressed oops)
# Problematic frame:
# V  [libjvm.so+0x6a6744]
#
# Core dump written. Default location: /home/yuanwenxing/eclipse-workspace/Example2/core or core.26867 (max size 1000000 kB). To ensure a full core dump, try "ulimit -c unlimited" before starting Java again
#
# If you would like to submit a bug report, please visit:
#   http://bugreport.java.com/bugreport/crash.jsp
#

---------------  T H R E A D  ---------------

Current thread (0x0000000001829000):  JavaThread "main" [_thread_in_vm, id=26867, stack(0x00007fff93853000,0x00007fff93953000)]

siginfo: si_signo: 11 (SIGSEGV), si_code: 1 (SEGV_MAPERR), si_addr: 0x0000000000000000

Registers:
RAX=0x00007f0dc5a0b4a8, RBX=0x0000000001829000, RCX=0x000000002c033333, RDX=0x0000000001829b98
RSP=0x00007fff93950430, RBP=0x00007fff939504a0, RSI=0x0000000000000000, RDI=0x0000000001829000
R8 =0x00007f0d1bfcc010, R9 =0x00007f0dc436614d, R10=0x6e692e7061654864, R11=0x0000000000000000
R12=0x0000000000000000, R13=0x000000002c033333, R14=0x0000000000000000, R15=0x00007f0dc5ee2640
RIP=0x00007f0dc55ab744, EFLAGS=0x0000000000010202, CSGSFS=0x0000000000000033, ERR=0x0000000000000004
  TRAPNO=0x000000000000000e

Top of Stack: (sp=0x00007fff93950430)
0x00007fff93950430:   0000000001829260 00007f0d1bfcc010
0x00007fff93950440:   0000000001829000 0000000001829b90
0x00007fff93950450:   00007fff0000009f 00007f0dc5a0b4a8
0x00007fff93950460:   0000000001829000 f305525518549300
0x00007fff93950470:   00007fff93950640 0000000000000008
0x00007fff93950480:   0000000000400950 00007fff93950640
0x00007fff93950490:   0000000000000000 0000000000000000
0x00007fff939504a0:   00007fff939504d0 00000000004010d4
0x00007fff939504b0:   00007f0d1bfcc010 000000002c033333
0x00007fff939504c0:   0000000000000000 0000000001829260
0x00007fff939504d0:   00007fff93950560 0000000000400dac
0x00007fff939504e0:   0000000200010006 00000000017de9a0
0x00007fff939504f0:   0000000000601d00 0000000001829260
0x00007fff93950500:   00007f0dc5eb7d80 0000000000000000
0x00007fff93950510:   00007f0d1bfcc010 2c03333300400e62
0x00007fff93950520:   000000000192dbd8 000000000192dbd0
0x00007fff93950530:   000000000182a7c0 0000000000010008
0x00007fff93950540:   00000000017de9a0 2c03333300400950
0x00007fff93950550:   00007fff93950640 0000000000000000
0x00007fff93950560:   0000000000000000 00007f0dc433b3d5
0x00007fff93950570:   0000000000000000 00007fff93950648
0x00007fff93950580:   0000000100000000 0000000000400a3d
0x00007fff93950590:   0000000000000000 8f79bbcd389fde1c
0x00007fff939505a0:   0000000000400950 00007fff93950640
0x00007fff939505b0:   0000000000000000 0000000000000000
0x00007fff939505c0:   70869ce7327fde1c 716233aa5f85de1c
0x00007fff939505d0:   00007fff00000000 0000000000000000
0x00007fff939505e0:   0000000000000000 00007f0dc5f138f3
0x00007fff939505f0:   00007f0dc6127150 0000000000000009
0x00007fff93950600:   0000000000000000 0000000000000000
0x00007fff93950610:   0000000000400950 00007fff93950640
0x00007fff93950620:   0000000000000000 0000000000400979 

Instructions: (pc=0x00007f0dc55ab744)
0x00007f0dc55ab724:   00 00 00 00 48 83 7b 08 00 48 89 5d a0 74 09 48
0x00007f0dc55ab734:   8d 7d a0 e8 b4 51 28 00 90 4c 8d 3d fc 6e 93 00
0x00007f0dc55ab744:   49 8b 36 49 8b 3f 48 8b 07 ff 90 20 01 00 00 44
0x00007f0dc55ab754:   89 e2 c1 ea 1f 84 d2 75 0a 44 89 ea c1 ea 1f 84 

Register to memory mapping:

RAX=0x00007f0dc5a0b4a8: <offset 0xb064a8> in /usr/lib/jvm/java-1.8.0-openjdk-1.8.0.212.b04-0.el7_6.x86_64/jre/lib/amd64/server/libjvm.so at 0x00007f0dc4f05000
RBX=0x0000000001829000 is a thread
RCX=0x000000002c033333 is an unknown value
RDX=0x0000000001829b98 is an unknown value
RSP=0x00007fff93950430 is pointing into the stack for thread: 0x0000000001829000
RBP=0x00007fff939504a0 is pointing into the stack for thread: 0x0000000001829000
RSI=0x0000000000000000 is an unknown value
RDI=0x0000000001829000 is a thread
R8 =0x00007f0d1bfcc010 is an unknown value
R9 =0x00007f0dc436614d: _IO_vfprintf+0x4ccd in /lib64/libc.so.6 at 0x00007f0dc4319000
R10=0x6e692e7061654864 is an unknown value
R11=0x0000000000000000 is an unknown value
R12=0x0000000000000000 is an unknown value
R13=0x000000002c033333 is an unknown value
R14=0x0000000000000000 is an unknown value
R15=0x00007f0dc5ee2640: <offset 0xfdd640> in /usr/lib/jvm/java-1.8.0-openjdk-1.8.0.212.b04-0.el7_6.x86_64/jre/lib/amd64/server/libjvm.so at 0x00007f0dc4f05000


Stack: [0x00007fff93853000,0x00007fff93953000],  sp=0x00007fff93950430,  free space=1013k
Native frames: (J=compiled Java code, j=interpreted, Vv=VM code, C=native code)
V  [libjvm.so+0x6a6744]
C  [Example2+0x10d4]
C  [Example2+0xdac]
C  [libc.so.6+0x223d5]  __libc_start_main+0xf5


---------------  P R O C E S S  ---------------

Java Threads: ( => current thread )
  0x0000000001919800 JavaThread "Service Thread" daemon [_thread_blocked, id=26905, stack(0x00007f0dab5f6000,0x00007f0dab6f7000)]
  0x000000000190e800 JavaThread "C1 CompilerThread3" daemon [_thread_blocked, id=26904, stack(0x00007f0dab6f8000,0x00007f0dab7f8000)]
  0x000000000190c000 JavaThread "C2 CompilerThread2" daemon [_thread_blocked, id=26903, stack(0x00007f0dab7f9000,0x00007f0dab8f9000)]
  0x000000000190a000 JavaThread "C2 CompilerThread1" daemon [_thread_blocked, id=26902, stack(0x00007f0dab8fa000,0x00007f0dab9fa000)]
  0x0000000001907800 JavaThread "C2 CompilerThread0" daemon [_thread_blocked, id=26901, stack(0x00007f0dab9fb000,0x00007f0dabafb000)]
  0x00000000018fb000 JavaThread "Signal Dispatcher" daemon [_thread_blocked, id=26900, stack(0x00007f0dabafb000,0x00007f0dabbfc000)]
  0x00000000018cf000 JavaThread "Finalizer" daemon [_thread_blocked, id=26899, stack(0x00007f0dabbfc000,0x00007f0dabcfd000)]
  0x00000000018ca000 JavaThread "Reference Handler" daemon [_thread_blocked, id=26898, stack(0x00007f0dabcfd000,0x00007f0dabdfe000)]
=>0x0000000001829000 JavaThread "main" [_thread_in_vm, id=26867, stack(0x00007fff93853000,0x00007fff93953000)]

Other Threads:
  0x00000000018c0800 VMThread [stack: 0x00007f0dabdff000,0x00007f0dabeff000] [id=26897]
  0x000000000191c000 WatcherThread [stack: 0x00007f0dab4f6000,0x00007f0dab5f6000] [id=26906]

VM state:not at safepoint (normal execution)

VM Mutex/Monitor currently owned by a thread: None

OutOfMemory and StackOverflow Exception counts:
OutOfMemoryError java_heap_errors=1

heap address: 0x00000000f0000000, size: 256 MB, Compressed Oops mode: 32-bit
Narrow klass base: 0x0000000000000000, Narrow klass shift: 3
Compressed class space size: 1073741824 Address: 0x0000000100000000

Heap:
 PSYoungGen      total 76288K, used 0K [0x00000000fab00000, 0x0000000100000000, 0x0000000100000000)
  eden space 65536K, 0% used [0x00000000fab00000,0x00000000fab00000,0x00000000feb00000)
  from space 10752K, 0% used [0x00000000feb00000,0x00000000feb00000,0x00000000ff580000)
  to   space 10752K, 0% used [0x00000000ff580000,0x00000000ff580000,0x0000000100000000)
 ParOldGen       total 175104K, used 243K [0x00000000f0000000, 0x00000000fab00000, 0x00000000fab00000)
  object space 175104K, 0% used [0x00000000f0000000,0x00000000f003cc48,0x00000000fab00000)
 Metaspace       used 2692K, capacity 4486K, committed 4864K, reserved 1056768K
  class space    used 253K, capacity 386K, committed 512K, reserved 1048576K

Card table byte_map: [0x00007f0dc603b000,0x00007f0dc60bc000] byte_map_base: 0x00007f0dc58bb000

Marking Bits: (ParMarkBitMap*) 0x00007f0dc5ee6740
 Begin Bits: [0x00007f0db2cbb000, 0x00007f0db30bb000)
 End Bits:   [0x00007f0db30bb000, 0x00007f0db34bb000)

Polling page: 0x00007f0dc6123000

CodeCache: size=245760Kb used=1076Kb max_used=1076Kb free=244683Kb
 bounds [0x00007f0db4285000, 0x00007f0db44f5000, 0x00007f0dc3285000]
 total_blobs=237 nmethods=11 adapters=142
 compilation: enabled

Compilation events (20 events):
Event: 0.037 Thread 0x000000000190e800    1       3       java.lang.Object::<init> (1 bytes)
Event: 0.037 Thread 0x000000000190e800 nmethod 1 0x00007f0db4385710 code [0x00007f0db4385880, 0x00007f0db43859d0]
Event: 0.037 Thread 0x000000000190e800    2       3       java.lang.String::hashCode (55 bytes)
Event: 0.037 Thread 0x000000000190e800 nmethod 2 0x00007f0db4384b50 code [0x00007f0db4384cc0, 0x00007f0db4384f50]
Event: 0.039 Thread 0x000000000190e800    5       3       java.lang.String::charAt (29 bytes)
Event: 0.039 Thread 0x000000000190e800 nmethod 5 0x00007f0db43864d0 code [0x00007f0db4386640, 0x00007f0db43868a8]
Event: 0.039 Thread 0x000000000190e800    8       1       java.lang.Object::<init> (1 bytes)
Event: 0.039 Thread 0x000000000190e800 nmethod 8 0x00007f0db4386210 code [0x00007f0db4386360, 0x00007f0db4386470]
Event: 0.039 Thread 0x000000000190e800    7       3       java.lang.String::indexOf (70 bytes)
Event: 0.040 Thread 0x000000000190e800 nmethod 7 0x00007f0db4385b10 code [0x00007f0db4385ca0, 0x00007f0db4386028]
Event: 0.040 Thread 0x000000000190e800    4       3       java.lang.Math::min (11 bytes)
Event: 0.040 Thread 0x000000000190e800 nmethod 4 0x00007f0db4388910 code [0x00007f0db4388a80, 0x00007f0db4388c10]
Event: 0.040 Thread 0x000000000190e800    6       3       java.lang.String::length (6 bytes)
Event: 0.040 Thread 0x000000000190e800 nmethod 6 0x00007f0db4388590 code [0x00007f0db4388700, 0x00007f0db4388850]
Event: 0.045 Thread 0x000000000190e800    9       3       java.lang.String::equals (81 bytes)
Event: 0.045 Thread 0x000000000190e800 nmethod 9 0x00007f0db43918d0 code [0x00007f0db4391a60, 0x00007f0db4391fb0]
Event: 0.045 Thread 0x000000000190e800   10       1       java.lang.ref.Reference::get (5 bytes)
Event: 0.045 Thread 0x000000000190e800 nmethod 10 0x00007f0db4387ad0 code [0x00007f0db4387c20, 0x00007f0db4387d30]
Event: 0.045 Thread 0x000000000190e800   11       3       java.util.Arrays::copyOfRange (63 bytes)
Event: 0.045 Thread 0x000000000190e800 nmethod 11 0x00007f0db4392190 code [0x00007f0db43923a0, 0x00007f0db4392eb8]

GC Heap History (10 events):
Event: 2.789 GC heap before
{Heap before GC invocations=1 (full 0):
 PSYoungGen      total 76288K, used 2621K [0x00000000fab00000, 0x0000000100000000, 0x0000000100000000)
  eden space 65536K, 4% used [0x00000000fab00000,0x00000000fad8f5e8,0x00000000feb00000)
  from space 10752K, 0% used [0x00000000ff580000,0x00000000ff580000,0x0000000100000000)
  to   space 10752K, 0% used [0x00000000feb00000,0x00000000feb00000,0x00000000ff580000)
 ParOldGen       total 175104K, used 0K [0x00000000f0000000, 0x00000000fab00000, 0x00000000fab00000)
  object space 175104K, 0% used [0x00000000f0000000,0x00000000f0000000,0x00000000fab00000)
 Metaspace       used 2692K, capacity 4486K, committed 4864K, reserved 1056768K
  class space    used 253K, capacity 386K, committed 512K, reserved 1048576K
Event: 2.791 GC heap after
Heap after GC invocations=1 (full 0):
 PSYoungGen      total 76288K, used 432K [0x00000000fab00000, 0x0000000100000000, 0x0000000100000000)
  eden space 65536K, 0% used [0x00000000fab00000,0x00000000fab00000,0x00000000feb00000)
  from space 10752K, 4% used [0x00000000feb00000,0x00000000feb6c010,0x00000000ff580000)
  to   space 10752K, 0% used [0x00000000ff580000,0x00000000ff580000,0x0000000100000000)
 ParOldGen       total 175104K, used 8K [0x00000000f0000000, 0x00000000fab00000, 0x00000000fab00000)
  object space 175104K, 0% used [0x00000000f0000000,0x00000000f0002000,0x00000000fab00000)
 Metaspace       used 2692K, capacity 4486K, committed 4864K, reserved 1056768K
  class space    used 253K, capacity 386K, committed 512K, reserved 1048576K
}
Event: 2.791 GC heap before
{Heap before GC invocations=2 (full 0):
 PSYoungGen      total 76288K, used 432K [0x00000000fab00000, 0x0000000100000000, 0x0000000100000000)
  eden space 65536K, 0% used [0x00000000fab00000,0x00000000fab00000,0x00000000feb00000)
  from space 10752K, 4% used [0x00000000feb00000,0x00000000feb6c010,0x00000000ff580000)
  to   space 10752K, 0% used [0x00000000ff580000,0x00000000ff580000,0x0000000100000000)
 ParOldGen       total 175104K, used 8K [0x00000000f0000000, 0x00000000fab00000, 0x00000000fab00000)
  object space 175104K, 0% used [0x00000000f0000000,0x00000000f0002000,0x00000000fab00000)
 Metaspace       used 2692K, capacity 4486K, committed 4864K, reserved 1056768K
  class space    used 253K, capacity 386K, committed 512K, reserved 1048576K
Event: 2.792 GC heap after
Heap after GC invocations=2 (full 0):
 PSYoungGen      total 76288K, used 368K [0x00000000fab00000, 0x0000000100000000, 0x0000000100000000)
  eden space 65536K, 0% used [0x00000000fab00000,0x00000000fab00000,0x00000000feb00000)
  from space 10752K, 3% used [0x00000000ff580000,0x00000000ff5dc010,0x0000000100000000)
  to   space 10752K, 0% used [0x00000000feb00000,0x00000000feb00000,0x00000000ff580000)
 ParOldGen       total 175104K, used 8K [0x00000000f0000000, 0x00000000fab00000, 0x00000000fab00000)
  object space 175104K, 0% used [0x00000000f0000000,0x00000000f0002000,0x00000000fab00000)
 Metaspace       used 2692K, capacity 4486K, committed 4864K, reserved 1056768K
  class space    used 253K, capacity 386K, committed 512K, reserved 1048576K
}
Event: 2.792 GC heap before
{Heap before GC invocations=3 (full 1):
 PSYoungGen      total 76288K, used 368K [0x00000000fab00000, 0x0000000100000000, 0x0000000100000000)
  eden space 65536K, 0% used [0x00000000fab00000,0x00000000fab00000,0x00000000feb00000)
  from space 10752K, 3% used [0x00000000ff580000,0x00000000ff5dc010,0x0000000100000000)
  to   space 10752K, 0% used [0x00000000feb00000,0x00000000feb00000,0x00000000ff580000)
 ParOldGen       total 175104K, used 8K [0x00000000f0000000, 0x00000000fab00000, 0x00000000fab00000)
  object space 175104K, 0% used [0x00000000f0000000,0x00000000f0002000,0x00000000fab00000)
 Metaspace       used 2692K, capacity 4486K, committed 4864K, reserved 1056768K
  class space    used 253K, capacity 386K, committed 512K, reserved 1048576K
Event: 2.794 GC heap after
Heap after GC invocations=3 (full 1):
 PSYoungGen      total 76288K, used 0K [0x00000000fab00000, 0x0000000100000000, 0x0000000100000000)
  eden space 65536K, 0% used [0x00000000fab00000,0x00000000fab00000,0x00000000feb00000)
  from space 10752K, 0% used [0x00000000ff580000,0x00000000ff580000,0x0000000100000000)
  to   space 10752K, 0% used [0x00000000feb00000,0x00000000feb00000,0x00000000ff580000)
 ParOldGen       total 66560K, used 254K [0x00000000f0000000, 0x00000000f4100000, 0x00000000fab00000)
  object space 66560K, 0% used [0x00000000f0000000,0x00000000f003f8e0,0x00000000f4100000)
 Metaspace       used 2692K, capacity 4486K, committed 4864K, reserved 1056768K
  class space    used 253K, capacity 386K, committed 512K, reserved 1048576K
}
Event: 2.794 GC heap before
{Heap before GC invocations=4 (full 1):
 PSYoungGen      total 76288K, used 0K [0x00000000fab00000, 0x0000000100000000, 0x0000000100000000)
  eden space 65536K, 0% used [0x00000000fab00000,0x00000000fab00000,0x00000000feb00000)
  from space 10752K, 0% used [0x00000000ff580000,0x00000000ff580000,0x0000000100000000)
  to   space 10752K, 0% used [0x00000000feb00000,0x00000000feb00000,0x00000000ff580000)
 ParOldGen       total 175104K, used 254K [0x00000000f0000000, 0x00000000fab00000, 0x00000000fab00000)
  object space 175104K, 0% used [0x00000000f0000000,0x00000000f003f8e0,0x00000000fab00000)
 Metaspace       used 2692K, capacity 4486K, committed 4864K, reserved 1056768K
  class space    used 253K, capacity 386K, committed 512K, reserved 1048576K
Event: 2.795 GC heap after
Heap after GC invocations=4 (full 1):
 PSYoungGen      total 76288K, used 0K [0x00000000fab00000, 0x0000000100000000, 0x0000000100000000)
  eden space 65536K, 0% used [0x00000000fab00000,0x00000000fab00000,0x00000000feb00000)
  from space 10752K, 0% used [0x00000000feb00000,0x00000000feb00000,0x00000000ff580000)
  to   space 10752K, 0% used [0x00000000ff580000,0x00000000ff580000,0x0000000100000000)
 ParOldGen       total 175104K, used 254K [0x00000000f0000000, 0x00000000fab00000, 0x00000000fab00000)
  object space 175104K, 0% used [0x00000000f0000000,0x00000000f003f8e0,0x00000000fab00000)
 Metaspace       used 2692K, capacity 4486K, committed 4864K, reserved 1056768K
  class space    used 253K, capacity 386K, committed 512K, reserved 1048576K
}
Event: 2.795 GC heap before
{Heap before GC invocations=5 (full 2):
 PSYoungGen      total 76288K, used 0K [0x00000000fab00000, 0x0000000100000000, 0x0000000100000000)
  eden space 65536K, 0% used [0x00000000fab00000,0x00000000fab00000,0x00000000feb00000)
  from space 10752K, 0% used [0x00000000feb00000,0x00000000feb00000,0x00000000ff580000)
  to   space 10752K, 0% used [0x00000000ff580000,0x00000000ff580000,0x0000000100000000)
 ParOldGen       total 175104K, used 254K [0x00000000f0000000, 0x00000000fab00000, 0x00000000fab00000)
  object space 175104K, 0% used [0x00000000f0000000,0x00000000f003f8e0,0x00000000fab00000)
 Metaspace       used 2692K, capacity 4486K, committed 4864K, reserved 1056768K
  class space    used 253K, capacity 386K, committed 512K, reserved 1048576K
Event: 2.797 GC heap after
Heap after GC invocations=5 (full 2):
 PSYoungGen      total 76288K, used 0K [0x00000000fab00000, 0x0000000100000000, 0x0000000100000000)
  eden space 65536K, 0% used [0x00000000fab00000,0x00000000fab00000,0x00000000feb00000)
  from space 10752K, 0% used [0x00000000feb00000,0x00000000feb00000,0x00000000ff580000)
  to   space 10752K, 0% used [0x00000000ff580000,0x00000000ff580000,0x0000000100000000)
 ParOldGen       total 100864K, used 243K [0x00000000f0000000, 0x00000000f6280000, 0x00000000fab00000)
  object space 100864K, 0% used [0x00000000f0000000,0x00000000f003cc48,0x00000000f6280000)
 Metaspace       used 2692K, capacity 4486K, committed 4864K, reserved 1056768K
  class space    used 253K, capacity 386K, committed 512K, reserved 1048576K
}

Deoptimization events (0 events):
No events

Classes redefined (0 events):
No events

Internal exceptions (3 events):
Event: 0.016 Thread 0x0000000001829000 Exception <a 'java/lang/NoSuchMethodError': Method sun.misc.Unsafe.defineClass(Ljava/lang/String;[BII)Ljava/lang/Class; name or signature does not match> (0x00000000fab07cb0) thrown at [/builddir/build/BUILD/java-1.8.0-openjdk-1.8.0.212.b04-0.el7_6.x86_64
Event: 0.016 Thread 0x0000000001829000 Exception <a 'java/lang/NoSuchMethodError': Method sun.misc.Unsafe.prefetchRead(Ljava/lang/Object;J)V name or signature does not match> (0x00000000fab07f98) thrown at [/builddir/build/BUILD/java-1.8.0-openjdk-1.8.0.212.b04-0.el7_6.x86_64/openjdk/hotspot/s
Event: 2.797 Thread 0x0000000001829000 Exception <a 'java/lang/OutOfMemoryError'> (0x00000000f0008060) thrown at [/builddir/build/BUILD/java-1.8.0-openjdk-1.8.0.212.b04-0.el7_6.x86_64/openjdk/hotspot/src/share/vm/gc_interface/collectedHeap.inline.hpp, line 159]

Events (250 events):
Event: 0.029 loading class sun/misc/OSEnvironment
Event: 0.029 loading class sun/misc/OSEnvironment done
Event: 0.029 loading class java/lang/System$2
Event: 0.029 loading class sun/misc/JavaLangAccess
Event: 0.029 loading class sun/misc/JavaLangAccess done
Event: 0.029 loading class java/lang/System$2 done
Event: 0.029 loading class java/lang/IllegalArgumentException
Event: 0.029 loading class java/lang/IllegalArgumentException done
Event: 0.029 loading class java/lang/Compiler
Event: 0.029 loading class java/lang/Compiler done
Event: 0.029 loading class java/lang/Compiler$1
Event: 0.029 loading class java/lang/Compiler$1 done
Event: 0.029 loading class sun/misc/Launcher$Factory
Event: 0.029 loading class java/net/URLStreamHandlerFactory
Event: 0.029 loading class java/net/URLStreamHandlerFactory done
Event: 0.029 loading class sun/misc/Launcher$Factory done
Event: 0.029 loading class sun/security/util/Debug
Event: 0.029 loading class sun/security/util/Debug done
Event: 0.029 loading class java/lang/ClassLoader$ParallelLoaders
Event: 0.029 loading class java/lang/ClassLoader$ParallelLoaders done
Event: 0.029 loading class java/util/WeakHashMap$Entry
Event: 0.029 loading class java/util/WeakHashMap$Entry done
Event: 0.029 loading class java/util/Collections$SetFromMap
Event: 0.029 loading class java/util/Collections$SetFromMap done
Event: 0.029 loading class java/util/WeakHashMap$KeySet
Event: 0.029 loading class java/util/WeakHashMap$KeySet done
Event: 0.030 loading class java/net/URLClassLoader$7
Event: 0.030 loading class sun/misc/JavaNetAccess
Event: 0.030 loading class sun/misc/JavaNetAccess done
Event: 0.030 loading class java/net/URLClassLoader$7 done
Event: 0.030 loading class sun/misc/Launcher$ExtClassLoader$1
Event: 0.030 loading class sun/misc/Launcher$ExtClassLoader$1 done
Event: 0.030 loading class java/util/StringTokenizer
Event: 0.030 loading class java/util/StringTokenizer done
Event: 0.030 loading class sun/misc/MetaIndex
Event: 0.030 loading class sun/misc/MetaIndex done
Event: 0.030 loading class java/io/BufferedReader
Event: 0.030 loading class java/io/Reader
Event: 0.030 loading class java/lang/Readable
Event: 0.030 loading class java/lang/Readable done
Event: 0.030 loading class java/io/Reader done
Event: 0.030 loading class java/io/BufferedReader done
Event: 0.030 loading class java/io/FileReader
Event: 0.030 loading class java/io/InputStreamReader
Event: 0.030 loading class java/io/InputStreamReader done
Event: 0.030 loading class java/io/FileReader done
Event: 0.030 loading class sun/nio/cs/StreamDecoder
Event: 0.030 loading class sun/nio/cs/StreamDecoder done
Event: 0.030 loading class java/nio/CharBuffer
Event: 0.030 loading class java/nio/CharBuffer done
Event: 0.030 loading class java/nio/HeapCharBuffer
Event: 0.030 loading class java/nio/HeapCharBuffer done
Event: 0.030 loading class java/nio/charset/CoderResult
Event: 0.031 loading class java/nio/charset/CoderResult done
Event: 0.031 loading class java/nio/charset/CoderResult$1
Event: 0.031 loading class java/nio/charset/CoderResult$Cache
Event: 0.031 loading class java/nio/charset/CoderResult$Cache done
Event: 0.031 loading class java/nio/charset/CoderResult$1 done
Event: 0.031 loading class java/nio/charset/CoderResult$2
Event: 0.031 loading class java/nio/charset/CoderResult$2 done
Event: 0.031 loading class java/lang/reflect/Array
Event: 0.031 loading class java/lang/reflect/Array done
Event: 0.031 loading class java/util/HashMap$TreeNode
Event: 0.031 loading class java/util/HashMap$TreeNode done
Event: 0.031 loading class java/io/FileInputStream$1
Event: 0.031 loading class java/io/FileInputStream$1 done
Event: 0.031 loading class sun/net/www/ParseUtil
Event: 0.031 loading class sun/net/www/ParseUtil done
Event: 0.031 loading class java/util/BitSet
Event: 0.031 loading class java/util/BitSet done
Event: 0.032 loading class java/util/Locale
Event: 0.032 loading class java/util/Locale done
Event: 0.032 loading class java/util/Locale$Cache
Event: 0.032 loading class sun/util/locale/LocaleObjectCache
Event: 0.032 loading class sun/util/locale/LocaleObjectCache done
Event: 0.032 loading class java/util/Locale$Cache done
Event: 0.032 loading class java/util/concurrent/ConcurrentHashMap
Event: 0.032 loading class java/util/concurrent/ConcurrentMap
Event: 0.032 loading class java/util/concurrent/ConcurrentMap done
Event: 0.032 loading class java/util/concurrent/ConcurrentHashMap done
Event: 0.033 loading class java/util/concurrent/ConcurrentHashMap$Segment
Event: 0.033 loading class java/util/concurrent/locks/ReentrantLock
Event: 0.033 loading class java/util/concurrent/locks/Lock
Event: 0.033 loading class java/util/concurrent/locks/Lock done
Event: 0.033 loading class java/util/concurrent/locks/ReentrantLock done
Event: 0.033 loading class java/util/concurrent/ConcurrentHashMap$Segment done
Event: 0.033 loading class java/util/concurrent/ConcurrentHashMap$Node
Event: 0.033 loading class java/util/concurrent/ConcurrentHashMap$Node done
Event: 0.033 loading class java/util/concurrent/ConcurrentHashMap$CounterCell
Event: 0.033 loading class java/util/concurrent/ConcurrentHashMap$CounterCell done
Event: 0.033 loading class java/util/concurrent/ConcurrentHashMap$KeySetView
Event: 0.033 loading class java/util/concurrent/ConcurrentHashMap$CollectionView
Event: 0.033 loading class java/util/concurrent/ConcurrentHashMap$CollectionView done
Event: 0.033 loading class java/util/concurrent/ConcurrentHashMap$KeySetView done
Event: 0.033 loading class java/util/concurrent/ConcurrentHashMap$ValuesView
Event: 0.033 loading class java/util/concurrent/ConcurrentHashMap$ValuesView done
Event: 0.033 loading class java/util/concurrent/ConcurrentHashMap$EntrySetView
Event: 0.033 loading class java/util/concurrent/ConcurrentHashMap$EntrySetView done
Event: 0.033 loading class sun/util/locale/BaseLocale
Event: 0.033 loading class sun/util/locale/BaseLocale done
Event: 0.033 loading class sun/util/locale/BaseLocale$Cache
Event: 0.033 loading class sun/util/locale/BaseLocale$Cache done
Event: 0.033 loading class sun/util/locale/BaseLocale$Key
Event: 0.033 loading class sun/util/locale/BaseLocale$Key done
Event: 0.033 loading class sun/util/locale/LocaleObjectCache$CacheEntry
Event: 0.033 loading class sun/util/locale/LocaleObjectCache$CacheEntry done
Event: 0.033 loading class java/util/Locale$LocaleKey
Event: 0.033 loading class java/util/Locale$LocaleKey done
Event: 0.033 loading class sun/util/locale/LocaleUtils
Event: 0.033 loading class sun/util/locale/LocaleUtils done
Event: 0.034 loading class java/lang/CharacterData
Event: 0.034 loading class java/lang/CharacterData done
Event: 0.034 loading class java/lang/CharacterDataLatin1
Event: 0.034 loading class java/lang/CharacterDataLatin1 done
Event: 0.034 loading class java/net/Parts
Event: 0.034 loading class java/net/Parts done
Event: 0.034 loading class sun/net/www/protocol/file/Handler
Event: 0.034 loading class java/net/URLStreamHandler
Event: 0.034 loading class java/net/URLStreamHandler done
Event: 0.034 loading class sun/net/www/protocol/file/Handler done
Event: 0.035 loading class java/security/ProtectionDomain$JavaSecurityAccessImpl
Event: 0.035 loading class sun/misc/JavaSecurityAccess
Event: 0.035 loading class sun/misc/JavaSecurityAccess done
Event: 0.035 loading class java/security/ProtectionDomain$JavaSecurityAccessImpl done
Event: 0.035 loading class java/security/ProtectionDomain$2
Event: 0.035 loading class sun/misc/JavaSecurityProtectionDomainAccess
Event: 0.035 loading class sun/misc/JavaSecurityProtectionDomainAccess done
Event: 0.035 loading class java/security/ProtectionDomain$2 done
Event: 0.035 loading class java/security/ProtectionDomain$Key
Event: 0.035 loading class java/security/ProtectionDomain$Key done
Event: 0.035 loading class java/security/Principal
Event: 0.035 loading class java/security/Principal done
Event: 0.035 loading class java/util/HashSet
Event: 0.035 loading class java/util/HashSet done
Event: 0.035 loading class sun/misc/URLClassPath
Event: 0.035 loading class sun/misc/URLClassPath done
Event: 0.035 loading class sun/net/www/protocol/jar/Handler
Event: 0.035 loading class sun/net/www/protocol/jar/Handler done
Event: 0.035 loading class sun/misc/Launcher$AppClassLoader$1
Event: 0.035 loading class sun/misc/Launcher$AppClassLoader$1 done
Event: 0.035 loading class java/lang/SystemClassLoaderAction
Event: 0.035 loading class java/lang/SystemClassLoaderAction done
Event: 0.036 Thread 0x00000000018fb000 Thread added: 0x00000000018fb000
Event: 0.036 Thread 0x0000000001907800 Thread added: 0x0000000001907800
Event: 0.036 Thread 0x000000000190a000 Thread added: 0x000000000190a000
Event: 0.036 Thread 0x000000000190c000 Thread added: 0x000000000190c000
Event: 0.036 Thread 0x000000000190e800 Thread added: 0x000000000190e800
Event: 0.036 loading class java/lang/invoke/MethodHandleImpl
Event: 0.036 loading class java/lang/invoke/MethodHandleImpl done
Event: 0.036 loading class java/lang/invoke/MethodHandleImpl$1
Event: 0.036 loading class java/lang/invoke/MethodHandleImpl$1 done
Event: 0.036 loading class java/lang/invoke/MethodHandleImpl$2
Event: 0.036 loading class java/util/function/Function
Event: 0.036 loading class java/util/function/Function done
Event: 0.036 loading class java/lang/invoke/MethodHandleImpl$2 done
Event: 0.036 loading class java/lang/invoke/MethodHandleImpl$3
Event: 0.036 loading class java/lang/invoke/MethodHandleImpl$3 done
Event: 0.036 loading class java/lang/invoke/MethodHandleImpl$4
Event: 0.036 loading class java/lang/ClassValue
Event: 0.036 loading class java/lang/ClassValue done
Event: 0.036 loading class java/lang/invoke/MethodHandleImpl$4 done
Event: 0.036 loading class java/lang/ClassValue$Entry
Event: 0.036 loading class java/lang/ClassValue$Entry done
Event: 0.036 loading class java/lang/ClassValue$Identity
Event: 0.037 loading class java/lang/ClassValue$Identity done
Event: 0.037 loading class java/lang/ClassValue$Version
Event: 0.037 loading class java/lang/ClassValue$Version done
Event: 0.037 loading class java/lang/invoke/MemberName$Factory
Event: 0.037 loading class java/lang/invoke/MemberName$Factory done
Event: 0.037 loading class java/lang/invoke/MethodHandleStatics
Event: 0.037 loading class java/lang/invoke/MethodHandleStatics done
Event: 0.037 loading class java/lang/invoke/MethodHandleStatics$1
Event: 0.037 loading class java/lang/invoke/MethodHandleStatics$1 done
Event: 0.037 Thread 0x0000000001919800 Thread added: 0x0000000001919800
Event: 0.037 loading class sun/misc/PostVMInitHook
Event: 0.037 loading class sun/misc/PostVMInitHook done
Event: 0.037 loading class com/esgyn/MyTest
Event: 0.037 loading class com/esgyn/MyTest done
Event: 0.037 loading class java/net/URLClassLoader$1
Event: 0.037 loading class java/net/URLClassLoader$1 done
Event: 0.037 loading class sun/net/util/URLUtil
Event: 0.037 loading class sun/net/util/URLUtil done
Event: 0.037 loading class sun/misc/URLClassPath$3
Event: 0.037 loading class sun/misc/URLClassPath$3 done
Event: 0.037 loading class sun/misc/URLClassPath$JarLoader
Event: 0.037 loading class sun/misc/URLClassPath$Loader
Event: 0.037 loading class sun/misc/URLClassPath$Loader done
Event: 0.038 loading class sun/misc/URLClassPath$JarLoader done
Event: 0.038 loading class java/util/zip/ZipFile
Event: 0.038 loading class java/util/zip/ZipConstants
Event: 0.038 loading class java/util/zip/ZipConstants done
Event: 0.038 loading class java/util/zip/ZipFile done
Event: 0.038 loading class java/util/zip/ZipFile$1
Event: 0.038 loading class sun/misc/JavaUtilZipFileAccess
Event: 0.038 loading class sun/misc/JavaUtilZipFileAccess done
Event: 0.038 loading class java/util/zip/ZipFile$1 done
Event: 0.039 loading class sun/misc/URLClassPath$FileLoader
Event: 0.039 loading class sun/misc/URLClassPath$FileLoader done
Event: 0.040 loading class sun/misc/URLClassPath$FileLoader$1
Event: 0.040 loading class sun/misc/Resource
Event: 0.040 loading class sun/misc/Resource done
Event: 0.040 loading class sun/misc/URLClassPath$FileLoader$1 done
Event: 0.040 loading class java/lang/Package
Event: 0.040 loading class java/lang/Package done
Event: 0.041 loading class sun/nio/ByteBuffered
Event: 0.041 loading class sun/nio/ByteBuffered done
Event: 0.041 loading class sun/misc/PerfCounter
Event: 0.041 loading class sun/misc/PerfCounter done
Event: 0.041 loading class sun/misc/Perf$GetPerfAction
Event: 0.041 loading class sun/misc/Perf$GetPerfAction done
Event: 0.041 loading class sun/misc/Perf
Event: 0.041 loading class sun/misc/Perf done
Event: 0.041 loading class sun/misc/PerfCounter$CoreCounters
Event: 0.041 loading class sun/misc/PerfCounter$CoreCounters done
Event: 0.041 loading class sun/nio/ch/DirectBuffer
Event: 0.041 loading class sun/nio/ch/DirectBuffer done
Event: 0.041 loading class java/nio/DirectByteBuffer
Event: 0.042 loading class java/nio/MappedByteBuffer
Event: 0.042 loading class java/nio/MappedByteBuffer done
Event: 0.042 loading class java/nio/DirectByteBuffer done
Event: 0.042 loading class java/nio/DirectLongBufferU
Event: 0.042 loading class java/nio/LongBuffer
Event: 0.042 loading class java/nio/LongBuffer done
Event: 0.042 loading class java/nio/DirectLongBufferU done
Event: 0.043 loading class java/security/Permissions
Event: 0.043 loading class java/security/PermissionCollection
Event: 0.043 loading class java/security/PermissionCollection done
Event: 0.043 loading class java/security/Permissions done
Event: 0.043 loading class sun/net/www/protocol/file/FileURLConnection
Event: 0.043 loading class sun/net/www/URLConnection
Event: 0.044 loading class java/net/URLConnection
Event: 0.044 loading class java/net/URLConnection done
Event: 0.044 loading class sun/net/www/URLConnection done
Event: 0.044 loading class sun/net/www/protocol/file/FileURLConnection done
Event: 0.044 loading class sun/net/www/MessageHeader
Event: 0.044 loading class sun/net/www/MessageHeader done
Event: 0.044 loading class java/io/FilePermission
Event: 0.044 loading class java/io/FilePermission done
Event: 0.045 loading class java/io/FilePermission$1
Event: 0.045 loading class java/io/FilePermission$1 done
Event: 0.045 loading class java/io/FilePermissionCollection
Event: 0.045 loading class java/io/FilePermissionCollection done
Event: 0.045 loading class java/security/AllPermission
Event: 0.045 loading class java/security/AllPermission done
Event: 0.045 loading class java/security/UnresolvedPermission
Event: 0.045 loading class java/security/UnresolvedPermission done
Event: 0.045 loading class java/security/BasicPermissionCollection
Event: 0.045 loading class java/security/BasicPermissionCollection done
Event: 2.789 Executing VM operation: ParallelGCFailedAllocation
Event: 2.797 Executing VM operation: ParallelGCFailedAllocation done


Dynamic libraries:
00400000-00402000 r-xp 00000000 fd:02 138946960                          /home/yuanwenxing/eclipse-workspace/Example2/Debug/Example2
00601000-00602000 r--p 00001000 fd:02 138946960                          /home/yuanwenxing/eclipse-workspace/Example2/Debug/Example2
00602000-00603000 rw-p 00002000 fd:02 138946960                          /home/yuanwenxing/eclipse-workspace/Example2/Debug/Example2
017de000-01944000 rw-p 00000000 00:00 0                                  [heap]
f0000000-100080000 rw-p 00000000 00:00 0 
100080000-140000000 ---p 00000000 00:00 0 
7f0d1bfcc000-7f0d48000000 rw-p 00000000 00:00 0 
7f0d48000000-7f0d48021000 rw-p 00000000 00:00 0 
7f0d48021000-7f0d4c000000 ---p 00000000 00:00 0 
7f0d4c000000-7f0d4c021000 rw-p 00000000 00:00 0 
7f0d4c021000-7f0d50000000 ---p 00000000 00:00 0 
7f0d50000000-7f0d50021000 rw-p 00000000 00:00 0 
7f0d50021000-7f0d54000000 ---p 00000000 00:00 0 
7f0d54000000-7f0d54034000 rw-p 00000000 00:00 0 
7f0d54034000-7f0d58000000 ---p 00000000 00:00 0 
7f0d58000000-7f0d58046000 rw-p 00000000 00:00 0 
7f0d58046000-7f0d5c000000 ---p 00000000 00:00 0 
7f0d5c000000-7f0d5c021000 rw-p 00000000 00:00 0 
7f0d5c021000-7f0d60000000 ---p 00000000 00:00 0 
7f0d60000000-7f0d60021000 rw-p 00000000 00:00 0 
7f0d60021000-7f0d64000000 ---p 00000000 00:00 0 
7f0d65ad6000-7f0d6c000000 r--p 00000000 fd:00 100684356                  /usr/lib/locale/locale-archive
7f0d6c000000-7f0d6c021000 rw-p 00000000 00:00 0 
7f0d6c021000-7f0d70000000 ---p 00000000 00:00 0 
7f0d70000000-7f0d70021000 rw-p 00000000 00:00 0 
7f0d70021000-7f0d74000000 ---p 00000000 00:00 0 
7f0d74000000-7f0d74021000 rw-p 00000000 00:00 0 
7f0d74021000-7f0d78000000 ---p 00000000 00:00 0 
7f0d78000000-7f0d78021000 rw-p 00000000 00:00 0 
7f0d78021000-7f0d7c000000 ---p 00000000 00:00 0 
7f0d7c000000-7f0d7c021000 rw-p 00000000 00:00 0 
7f0d7c021000-7f0d80000000 ---p 00000000 00:00 0 
7f0d84000000-7f0d84021000 rw-p 00000000 00:00 0 
7f0d84021000-7f0d88000000 ---p 00000000 00:00 0 
7f0d8c000000-7f0d8c021000 rw-p 00000000 00:00 0 
7f0d8c021000-7f0d90000000 ---p 00000000 00:00 0 
7f0d90000000-7f0d90021000 rw-p 00000000 00:00 0 
7f0d90021000-7f0d94000000 ---p 00000000 00:00 0 
7f0d94000000-7f0d94021000 rw-p 00000000 00:00 0 
7f0d94021000-7f0d98000000 ---p 00000000 00:00 0 
7f0d9c000000-7f0d9c021000 rw-p 00000000 00:00 0 
7f0d9c021000-7f0da0000000 ---p 00000000 00:00 0 
7f0da0000000-7f0da0021000 rw-p 00000000 00:00 0 
7f0da0021000-7f0da4000000 ---p 00000000 00:00 0 
7f0da4000000-7f0da4021000 rw-p 00000000 00:00 0 
7f0da4021000-7f0da8000000 ---p 00000000 00:00 0 
7f0dab4f5000-7f0dab4f6000 ---p 00000000 00:00 0 
7f0dab4f6000-7f0dab5f6000 rw-p 00000000 00:00 0 
7f0dab5f6000-7f0dab5f9000 ---p 00000000 00:00 0 
7f0dab5f9000-7f0dab6f7000 rw-p 00000000 00:00 0 
7f0dab6f7000-7f0dab6fb000 ---p 00000000 00:00 0 
7f0dab6fb000-7f0dab7f8000 rw-p 00000000 00:00 0 
7f0dab7f8000-7f0dab7fc000 ---p 00000000 00:00 0 
7f0dab7fc000-7f0dab8f9000 rw-p 00000000 00:00 0 
7f0dab8f9000-7f0dab8fd000 ---p 00000000 00:00 0 
7f0dab8fd000-7f0dab9fa000 rw-p 00000000 00:00 0 
7f0dab9fa000-7f0dab9fe000 ---p 00000000 00:00 0 
7f0dab9fe000-7f0dabafb000 rw-p 00000000 00:00 0 
7f0dabafb000-7f0dabafe000 ---p 00000000 00:00 0 
7f0dabafe000-7f0dabbfc000 rw-p 00000000 00:00 0 
7f0dabbfc000-7f0dabbff000 ---p 00000000 00:00 0 
7f0dabbff000-7f0dabcfd000 rw-p 00000000 00:00 0 
7f0dabcfd000-7f0dabd00000 ---p 00000000 00:00 0 
7f0dabd00000-7f0dabdfe000 rw-p 00000000 00:00 0 
7f0dabdfe000-7f0dabdff000 ---p 00000000 00:00 0 
7f0dabdff000-7f0dac000000 rw-p 00000000 00:00 0 
7f0dac000000-7f0dac021000 rw-p 00000000 00:00 0 
7f0dac021000-7f0db0000000 ---p 00000000 00:00 0 
7f0db0042000-7f0db221b000 rw-p 00000000 00:00 0 
7f0db221b000-7f0db23ea000 r--s 0441d000 fd:00 101592725                  /usr/lib/jvm/java-1.8.0-openjdk-1.8.0.212.b04-0.el7_6.x86_64/jre/lib/rt.jar
7f0db23ea000-7f0db28fb000 rw-p 00000000 00:00 0 
7f0db28fb000-7f0db2cbb000 ---p 00000000 00:00 0 
7f0db2cbb000-7f0db34bb000 rw-p 00000000 00:00 0 
7f0db34bb000-7f0db34bc000 ---p 00000000 00:00 0 
7f0db34bc000-7f0db35bc000 rw-p 00000000 00:00 0 
7f0db35bc000-7f0db35bd000 ---p 00000000 00:00 0 
7f0db35bd000-7f0db36bd000 rw-p 00000000 00:00 0 
7f0db36bd000-7f0db36be000 ---p 00000000 00:00 0 
7f0db36be000-7f0db37be000 rw-p 00000000 00:00 0 
7f0db37be000-7f0db37bf000 ---p 00000000 00:00 0 
7f0db37bf000-7f0db38bf000 rw-p 00000000 00:00 0 
7f0db38bf000-7f0db38c0000 ---p 00000000 00:00 0 
7f0db38c0000-7f0db39c0000 rw-p 00000000 00:00 0 
7f0db39c0000-7f0db39c1000 ---p 00000000 00:00 0 
7f0db39c1000-7f0db3ac1000 rw-p 00000000 00:00 0 
7f0db3ac1000-7f0db3ac2000 ---p 00000000 00:00 0 
7f0db3ac2000-7f0db3bc2000 rw-p 00000000 00:00 0 
7f0db3bc2000-7f0db3bc3000 ---p 00000000 00:00 0 
7f0db3bc3000-7f0db3cc3000 rw-p 00000000 00:00 0 
7f0db3cc3000-7f0db3cc4000 ---p 00000000 00:00 0 
7f0db3cc4000-7f0db3dc4000 rw-p 00000000 00:00 0 
7f0db3dc4000-7f0db3dc5000 ---p 00000000 00:00 0 
7f0db3dc5000-7f0db3ecf000 rw-p 00000000 00:00 0 
7f0db3ecf000-7f0db4285000 ---p 00000000 00:00 0 
7f0db4285000-7f0db44f5000 rwxp 00000000 00:00 0 
7f0db44f5000-7f0dc3285000 ---p 00000000 00:00 0 
7f0dc3285000-7f0dc329a000 r-xp 00000000 fd:00 34361458                   /usr/lib64/libz.so.1.2.7
7f0dc329a000-7f0dc3499000 ---p 00015000 fd:00 34361458                   /usr/lib64/libz.so.1.2.7
7f0dc3499000-7f0dc349a000 r--p 00014000 fd:00 34361458                   /usr/lib64/libz.so.1.2.7
7f0dc349a000-7f0dc349b000 rw-p 00015000 fd:00 34361458                   /usr/lib64/libz.so.1.2.7
7f0dc349b000-7f0dc34a3000 r-xp 00000000 fd:00 101592704                  /usr/lib/jvm/java-1.8.0-openjdk-1.8.0.212.b04-0.el7_6.x86_64/jre/lib/amd64/libzip.so
7f0dc34a3000-7f0dc36a2000 ---p 00008000 fd:00 101592704                  /usr/lib/jvm/java-1.8.0-openjdk-1.8.0.212.b04-0.el7_6.x86_64/jre/lib/amd64/libzip.so
7f0dc36a2000-7f0dc36a3000 r--p 00007000 fd:00 101592704                  /usr/lib/jvm/java-1.8.0-openjdk-1.8.0.212.b04-0.el7_6.x86_64/jre/lib/amd64/libzip.so
7f0dc36a3000-7f0dc36a4000 rw-p 00008000 fd:00 101592704                  /usr/lib/jvm/java-1.8.0-openjdk-1.8.0.212.b04-0.el7_6.x86_64/jre/lib/amd64/libzip.so
7f0dc36a4000-7f0dc36b0000 r-xp 00000000 fd:00 34470922                   /usr/lib64/libnss_files-2.17.so
7f0dc36b0000-7f0dc38af000 ---p 0000c000 fd:00 34470922                   /usr/lib64/libnss_files-2.17.so
7f0dc38af000-7f0dc38b0000 r--p 0000b000 fd:00 34470922                   /usr/lib64/libnss_files-2.17.so
7f0dc38b0000-7f0dc38b1000 rw-p 0000c000 fd:00 34470922                   /usr/lib64/libnss_files-2.17.so
7f0dc38b1000-7f0dc38b7000 rw-p 00000000 00:00 0 
7f0dc38b7000-7f0dc38e0000 r-xp 00000000 fd:00 101592686                  /usr/lib/jvm/java-1.8.0-openjdk-1.8.0.212.b04-0.el7_6.x86_64/jre/lib/amd64/libjava.so
7f0dc38e0000-7f0dc3adf000 ---p 00029000 fd:00 101592686                  /usr/lib/jvm/java-1.8.0-openjdk-1.8.0.212.b04-0.el7_6.x86_64/jre/lib/amd64/libjava.so
7f0dc3adf000-7f0dc3ae0000 r--p 00028000 fd:00 101592686                  /usr/lib/jvm/java-1.8.0-openjdk-1.8.0.212.b04-0.el7_6.x86_64/jre/lib/amd64/libjava.so
7f0dc3ae0000-7f0dc3ae2000 rw-p 00029000 fd:00 101592686                  /usr/lib/jvm/java-1.8.0-openjdk-1.8.0.212.b04-0.el7_6.x86_64/jre/lib/amd64/libjava.so
7f0dc3ae2000-7f0dc3aef000 r-xp 00000000 fd:00 101592703                  /usr/lib/jvm/java-1.8.0-openjdk-1.8.0.212.b04-0.el7_6.x86_64/jre/lib/amd64/libverify.so
7f0dc3aef000-7f0dc3cee000 ---p 0000d000 fd:00 101592703                  /usr/lib/jvm/java-1.8.0-openjdk-1.8.0.212.b04-0.el7_6.x86_64/jre/lib/amd64/libverify.so
7f0dc3cee000-7f0dc3cf0000 r--p 0000c000 fd:00 101592703                  /usr/lib/jvm/java-1.8.0-openjdk-1.8.0.212.b04-0.el7_6.x86_64/jre/lib/amd64/libverify.so
7f0dc3cf0000-7f0dc3cf1000 rw-p 0000e000 fd:00 101592703                  /usr/lib/jvm/java-1.8.0-openjdk-1.8.0.212.b04-0.el7_6.x86_64/jre/lib/amd64/libverify.so
7f0dc3cf1000-7f0dc3cf8000 r-xp 00000000 fd:00 34470928                   /usr/lib64/librt-2.17.so
7f0dc3cf8000-7f0dc3ef7000 ---p 00007000 fd:00 34470928                   /usr/lib64/librt-2.17.so
7f0dc3ef7000-7f0dc3ef8000 r--p 00006000 fd:00 34470928                   /usr/lib64/librt-2.17.so
7f0dc3ef8000-7f0dc3ef9000 rw-p 00007000 fd:00 34470928                   /usr/lib64/librt-2.17.so
7f0dc3ef9000-7f0dc3f10000 r-xp 00000000 fd:00 33617777                   /usr/lib64/libpthread-2.17.so
7f0dc3f10000-7f0dc410f000 ---p 00017000 fd:00 33617777                   /usr/lib64/libpthread-2.17.so
7f0dc410f000-7f0dc4110000 r--p 00016000 fd:00 33617777                   /usr/lib64/libpthread-2.17.so
7f0dc4110000-7f0dc4111000 rw-p 00017000 fd:00 33617777                   /usr/lib64/libpthread-2.17.so
7f0dc4111000-7f0dc4115000 rw-p 00000000 00:00 0 
7f0dc4115000-7f0dc4117000 r-xp 00000000 fd:00 34470913                   /usr/lib64/libdl-2.17.so
7f0dc4117000-7f0dc4317000 ---p 00002000 fd:00 34470913                   /usr/lib64/libdl-2.17.so
7f0dc4317000-7f0dc4318000 r--p 00002000 fd:00 34470913                   /usr/lib64/libdl-2.17.so
7f0dc4318000-7f0dc4319000 rw-p 00003000 fd:00 34470913                   /usr/lib64/libdl-2.17.so
7f0dc4319000-7f0dc44db000 r-xp 00000000 fd:00 33617751                   /usr/lib64/libc-2.17.so
7f0dc44db000-7f0dc46db000 ---p 001c2000 fd:00 33617751                   /usr/lib64/libc-2.17.so
7f0dc46db000-7f0dc46df000 r--p 001c2000 fd:00 33617751                   /usr/lib64/libc-2.17.so
7f0dc46df000-7f0dc46e1000 rw-p 001c6000 fd:00 33617751                   /usr/lib64/libc-2.17.so
7f0dc46e1000-7f0dc46e6000 rw-p 00000000 00:00 0 
7f0dc46e6000-7f0dc46fb000 r-xp 00000000 fd:00 34409918                   /usr/lib64/libgcc_s-4.8.5-20150702.so.1
7f0dc46fb000-7f0dc48fa000 ---p 00015000 fd:00 34409918                   /usr/lib64/libgcc_s-4.8.5-20150702.so.1
7f0dc48fa000-7f0dc48fb000 r--p 00014000 fd:00 34409918                   /usr/lib64/libgcc_s-4.8.5-20150702.so.1
7f0dc48fb000-7f0dc48fc000 rw-p 00015000 fd:00 34409918                   /usr/lib64/libgcc_s-4.8.5-20150702.so.1
7f0dc48fc000-7f0dc49fd000 r-xp 00000000 fd:00 34470917                   /usr/lib64/libm-2.17.so
7f0dc49fd000-7f0dc4bfc000 ---p 00101000 fd:00 34470917                   /usr/lib64/libm-2.17.so
7f0dc4bfc000-7f0dc4bfd000 r--p 00100000 fd:00 34470917                   /usr/lib64/libm-2.17.so
7f0dc4bfd000-7f0dc4bfe000 rw-p 00101000 fd:00 34470917                   /usr/lib64/libm-2.17.so
7f0dc4bfe000-7f0dc4ce7000 r-xp 00000000 fd:00 33620484                   /usr/lib64/libstdc++.so.6.0.19
7f0dc4ce7000-7f0dc4ee6000 ---p 000e9000 fd:00 33620484                   /usr/lib64/libstdc++.so.6.0.19
7f0dc4ee6000-7f0dc4eee000 r--p 000e8000 fd:00 33620484                   /usr/lib64/libstdc++.so.6.0.19
7f0dc4eee000-7f0dc4ef0000 rw-p 000f0000 fd:00 33620484                   /usr/lib64/libstdc++.so.6.0.19
7f0dc4ef0000-7f0dc4f05000 rw-p 00000000 00:00 0 
7f0dc4f05000-7f0dc5bfa000 r-xp 00000000 fd:00 67913094                   /usr/lib/jvm/java-1.8.0-openjdk-1.8.0.212.b04-0.el7_6.x86_64/jre/lib/amd64/server/libjvm.so
7f0dc5bfa000-7f0dc5df9000 ---p 00cf5000 fd:00 67913094                   /usr/lib/jvm/java-1.8.0-openjdk-1.8.0.212.b04-0.el7_6.x86_64/jre/lib/amd64/server/libjvm.so
7f0dc5df9000-7f0dc5ea7000 r--p 00cf4000 fd:00 67913094                   /usr/lib/jvm/java-1.8.0-openjdk-1.8.0.212.b04-0.el7_6.x86_64/jre/lib/amd64/server/libjvm.so
7f0dc5ea7000-7f0dc5ed1000 rw-p 00da2000 fd:00 67913094                   /usr/lib/jvm/java-1.8.0-openjdk-1.8.0.212.b04-0.el7_6.x86_64/jre/lib/amd64/server/libjvm.so
7f0dc5ed1000-7f0dc5f04000 rw-p 00000000 00:00 0 
7f0dc5f04000-7f0dc5f26000 r-xp 00000000 fd:00 34470898                   /usr/lib64/ld-2.17.so
7f0dc5f3d000-7f0dc6104000 rw-p 00000000 00:00 0 
7f0dc6112000-7f0dc611a000 rw-p 00000000 00:00 0 
7f0dc611a000-7f0dc6122000 rw-s 00000000 fd:00 1094                       /tmp/hsperfdata_yuanwenxing/26867
7f0dc6122000-7f0dc6123000 rw-p 00000000 00:00 0 
7f0dc6123000-7f0dc6124000 r--p 00000000 00:00 0 
7f0dc6124000-7f0dc6125000 rw-p 00000000 00:00 0 
7f0dc6125000-7f0dc6126000 r--p 00021000 fd:00 34470898                   /usr/lib64/ld-2.17.so
7f0dc6126000-7f0dc6127000 rw-p 00022000 fd:00 34470898                   /usr/lib64/ld-2.17.so
7f0dc6127000-7f0dc6128000 rw-p 00000000 00:00 0 
7fff93853000-7fff93856000 ---p 00000000 00:00 0 
7fff93856000-7fff93953000 rw-p 00000000 00:00 0                          [stack]
7fff9398d000-7fff9398f000 r-xp 00000000 00:00 0                          [vdso]
ffffffffff600000-ffffffffff601000 r-xp 00000000 00:00 0                  [vsyscall]

VM Arguments:
jvm_args: -Xmx256m 
java_command: <unknown>
java_class_path (initial): .:/home/yuanwenxing/eclipse-workspace/JavaExample2/bin/
Launcher Type: generic

Environment Variables:
JAVA_HOME=/usr/lib/jvm/java-1.7.0
PATH=/usr/lib64/qt-3.3/bin:/usr/local/bin:/usr/local/sbin:/usr/bin:/usr/sbin:/bin:/sbin:/disk/code/installed_software_tools/apache-maven-3.3.3/bin:/home/yuanwenxing/.local/bin:/home/yuanwenxing/bin:/disk/code/installed_software_tools/apache-maven-3.3.3/bin
USERNAME=yuanwenxing
LD_LIBRARY_PATH=/usr/lib/jvm/java-1.8.0-openjdk-1.8.0.212.b04-0.el7_6.x86_64/jre/lib/amd64/server/
SHELL=/bin/bash
DISPLAY=:0

Signal Handlers:
SIGSEGV: [libjvm.so+0xadc6b0], sa_mask[0]=11111111011111111101111111111110, sa_flags=SA_RESTART|SA_SIGINFO
SIGBUS: [libjvm.so+0xadc6b0], sa_mask[0]=11111111011111111101111111111110, sa_flags=SA_RESTART|SA_SIGINFO
SIGFPE: [libjvm.so+0x8cda70], sa_mask[0]=11111111011111111101111111111110, sa_flags=SA_RESTART|SA_SIGINFO
SIGPIPE: [libjvm.so+0x8cda70], sa_mask[0]=11111111011111111101111111111110, sa_flags=SA_RESTART|SA_SIGINFO
SIGXFSZ: [libjvm.so+0x8cda70], sa_mask[0]=11111111011111111101111111111110, sa_flags=SA_RESTART|SA_SIGINFO
SIGILL: [libjvm.so+0x8cda70], sa_mask[0]=11111111011111111101111111111110, sa_flags=SA_RESTART|SA_SIGINFO
SIGUSR1: SIG_DFL, sa_mask[0]=00000000000000000000000000000000, sa_flags=none
SIGUSR2: [libjvm.so+0x8cd920], sa_mask[0]=00100000000000000000000000000000, sa_flags=SA_RESTART|SA_SIGINFO
SIGHUP: [libjvm.so+0x8cdb30], sa_mask[0]=11111111011111111101111111111110, sa_flags=SA_RESTART|SA_SIGINFO
SIGINT: [libjvm.so+0x8cdb30], sa_mask[0]=11111111011111111101111111111110, sa_flags=SA_RESTART|SA_SIGINFO
SIGTERM: [libjvm.so+0x8cdb30], sa_mask[0]=11111111011111111101111111111110, sa_flags=SA_RESTART|SA_SIGINFO
SIGQUIT: [libjvm.so+0x8cdb30], sa_mask[0]=11111111011111111101111111111110, sa_flags=SA_RESTART|SA_SIGINFO


---------------  S Y S T E M  ---------------

OS:CentOS Linux release 7.6.1810 (Core) 

uname:Linux 3.10.0-957.12.2.el7.x86_64 #1 SMP Tue May 14 21:24:32 UTC 2019 x86_64
libc:glibc 2.17 NPTL 2.17 
rlimit: STACK 8192k, CORE 1000000k, NPROC 4096, NOFILE 4096, AS infinity
load average:3.92 2.46 1.94

/proc/meminfo:
MemTotal:       32446100 kB
MemFree:         4074688 kB
MemAvailable:   19879956 kB
Buffers:          182152 kB
Cached:         20380156 kB
SwapCached:          172 kB
Active:         14521356 kB
Inactive:       12180228 kB
Active(anon):    7099184 kB
Inactive(anon):  4198000 kB
Active(file):    7422172 kB
Inactive(file):  7982228 kB
Unevictable:         748 kB
Mlocked:              68 kB
SwapTotal:      16318460 kB
SwapFree:       16315132 kB
Dirty:              2424 kB
Writeback:             0 kB
AnonPages:       6141860 kB
Mapped:          4689784 kB
Shmem:           5157908 kB
Slab:             975488 kB
SReclaimable:     806708 kB
SUnreclaim:       168780 kB
KernelStack:       23120 kB
PageTables:       134204 kB
NFS_Unstable:          0 kB
Bounce:                0 kB
WritebackTmp:          0 kB
CommitLimit:    32541508 kB
Committed_AS:   25823328 kB
VmallocTotal:   34359738367 kB
VmallocUsed:      614500 kB
VmallocChunk:   34358421500 kB
HardwareCorrupted:     0 kB
AnonHugePages:   1056768 kB
CmaTotal:              0 kB
CmaFree:               0 kB
HugePages_Total:       0
HugePages_Free:        0
HugePages_Rsvd:        0
HugePages_Surp:        0
Hugepagesize:       2048 kB
DirectMap4k:      274832 kB
DirectMap2M:     9873408 kB
DirectMap1G:    23068672 kB

container (cgroup) information:
container_type: cgroupv1
cpu_cpuset_cpus: 0-11
cpu_memory_nodes: 0
active_processor_count: 12
cpu_quota: -1
cpu_period: 100000
cpu_shares: -1
memory_limit_in_bytes: -1
memory_and_swap_limit_in_bytes: -1
memory_soft_limit_in_bytes: -1
memory_usage_in_bytes: 27343634432
memory_max_usage_in_bytes: 0


CPU:total 12 (initial active 12) (6 cores per cpu, 2 threads per core) family 6 model 158 stepping 10, cmov, cx8, fxsr, mmx, sse, sse2, sse3, ssse3, sse4.1, sse4.2, popcnt, avx, avx2, aes, clmul, erms, rtm, 3dnowpref, lzcnt, ht, tsc, tscinvbit, bmi1, bmi2, adx

/proc/cpuinfo:
processor	: 0
vendor_id	: GenuineIntel
cpu family	: 6
model		: 158
model name	: Intel(R) Core(TM) i7-8700 CPU @ 3.20GHz
stepping	: 10
microcode	: 0xb4
cpu MHz		: 4299.804
cache size	: 12288 KB
physical id	: 0
siblings	: 12
core id		: 0
cpu cores	: 6
apicid		: 0
initial apicid	: 0
fpu		: yes
fpu_exception	: yes
cpuid level	: 22
wp		: yes
flags		: fpu vme de pse tsc msr pae mce cx8 apic sep mtrr pge mca cmov pat pse36 clflush dts acpi mmx fxsr sse sse2 ss ht tm pbe syscall nx pdpe1gb rdtscp lm constant_tsc art arch_perfmon pebs bts rep_good nopl xtopology nonstop_tsc aperfmperf eagerfpu pni pclmulqdq dtes64 monitor ds_cpl vmx smx est tm2 ssse3 sdbg fma cx16 xtpr pdcm pcid sse4_1 sse4_2 x2apic movbe popcnt tsc_deadline_timer aes xsave avx f16c rdrand lahf_lm abm 3dnowprefetch epb intel_pt ssbd ibrs ibpb stibp tpr_shadow vnmi flexpriority ept vpid fsgsbase tsc_adjust bmi1 hle avx2 smep bmi2 erms invpcid rtm mpx rdseed adx smap clflushopt xsaveopt xsavec xgetbv1 dtherm ida arat pln pts hwp hwp_notify hwp_act_window hwp_epp md_clear spec_ctrl intel_stibp flush_l1d
bogomips	: 6384.00
clflush size	: 64
cache_alignment	: 64
address sizes	: 39 bits physical, 48 bits virtual
power management:

processor	: 1
vendor_id	: GenuineIntel
cpu family	: 6
model		: 158
model name	: Intel(R) Core(TM) i7-8700 CPU @ 3.20GHz
stepping	: 10
microcode	: 0xb4
cpu MHz		: 4299.804
cache size	: 12288 KB
physical id	: 0
siblings	: 12
core id		: 1
cpu cores	: 6
apicid		: 2
initial apicid	: 2
fpu		: yes
fpu_exception	: yes
cpuid level	: 22
wp		: yes
flags		: fpu vme de pse tsc msr pae mce cx8 apic sep mtrr pge mca cmov pat pse36 clflush dts acpi mmx fxsr sse sse2 ss ht tm pbe syscall nx pdpe1gb rdtscp lm constant_tsc art arch_perfmon pebs bts rep_good nopl xtopology nonstop_tsc aperfmperf eagerfpu pni pclmulqdq dtes64 monitor ds_cpl vmx smx est tm2 ssse3 sdbg fma cx16 xtpr pdcm pcid sse4_1 sse4_2 x2apic movbe popcnt tsc_deadline_timer aes xsave avx f16c rdrand lahf_lm abm 3dnowprefetch epb intel_pt ssbd ibrs ibpb stibp tpr_shadow vnmi flexpriority ept vpid fsgsbase tsc_adjust bmi1 hle avx2 smep bmi2 erms invpcid rtm mpx rdseed adx smap clflushopt xsaveopt xsavec xgetbv1 dtherm ida arat pln pts hwp hwp_notify hwp_act_window hwp_epp md_clear spec_ctrl intel_stibp flush_l1d
bogomips	: 6384.00
clflush size	: 64
cache_alignment	: 64
address sizes	: 39 bits physical, 48 bits virtual
power management:

processor	: 2
vendor_id	: GenuineIntel
cpu family	: 6
model		: 158
model name	: Intel(R) Core(TM) i7-8700 CPU @ 3.20GHz
stepping	: 10
microcode	: 0xb4
cpu MHz		: 4300.000
cache size	: 12288 KB
physical id	: 0
siblings	: 12
core id		: 2
cpu cores	: 6
apicid		: 4
initial apicid	: 4
fpu		: yes
fpu_exception	: yes
cpuid level	: 22
wp		: yes
flags		: fpu vme de pse tsc msr pae mce cx8 apic sep mtrr pge mca cmov pat pse36 clflush dts acpi mmx fxsr sse sse2 ss ht tm pbe syscall nx pdpe1gb rdtscp lm constant_tsc art arch_perfmon pebs bts rep_good nopl xtopology nonstop_tsc aperfmperf eagerfpu pni pclmulqdq dtes64 monitor ds_cpl vmx smx est tm2 ssse3 sdbg fma cx16 xtpr pdcm pcid sse4_1 sse4_2 x2apic movbe popcnt tsc_deadline_timer aes xsave avx f16c rdrand lahf_lm abm 3dnowprefetch epb intel_pt ssbd ibrs ibpb stibp tpr_shadow vnmi flexpriority ept vpid fsgsbase tsc_adjust bmi1 hle avx2 smep bmi2 erms invpcid rtm mpx rdseed adx smap clflushopt xsaveopt xsavec xgetbv1 dtherm ida arat pln pts hwp hwp_notify hwp_act_window hwp_epp md_clear spec_ctrl intel_stibp flush_l1d
bogomips	: 6384.00
clflush size	: 64
cache_alignment	: 64
address sizes	: 39 bits physical, 48 bits virtual
power management:

processor	: 3
vendor_id	: GenuineIntel
cpu family	: 6
model		: 158
model name	: Intel(R) Core(TM) i7-8700 CPU @ 3.20GHz
stepping	: 10
microcode	: 0xb4
cpu MHz		: 4299.804
cache size	: 12288 KB
physical id	: 0
siblings	: 12
core id		: 3
cpu cores	: 6
apicid		: 6
initial apicid	: 6
fpu		: yes
fpu_exception	: yes
cpuid level	: 22
wp		: yes
flags		: fpu vme de pse tsc msr pae mce cx8 apic sep mtrr pge mca cmov pat pse36 clflush dts acpi mmx fxsr sse sse2 ss ht tm pbe syscall nx pdpe1gb rdtscp lm constant_tsc art arch_perfmon pebs bts rep_good nopl xtopology nonstop_tsc aperfmperf eagerfpu pni pclmulqdq dtes64 monitor ds_cpl vmx smx est tm2 ssse3 sdbg fma cx16 xtpr pdcm pcid sse4_1 sse4_2 x2apic movbe popcnt tsc_deadline_timer aes xsave avx f16c rdrand lahf_lm abm 3dnowprefetch epb intel_pt ssbd ibrs ibpb stibp tpr_shadow vnmi flexpriority ept vpid fsgsbase tsc_adjust bmi1 hle avx2 smep bmi2 erms invpcid rtm mpx rdseed adx smap clflushopt xsaveopt xsavec xgetbv1 dtherm ida arat pln pts hwp hwp_notify hwp_act_window hwp_epp md_clear spec_ctrl intel_stibp flush_l1d
bogomips	: 6384.00
clflush size	: 64
cache_alignment	: 64
address sizes	: 39 bits physical, 48 bits virtual
power management:

processor	: 4
vendor_id	: GenuineIntel
cpu family	: 6
model		: 158
model name	: Intel(R) Core(TM) i7-8700 CPU @ 3.20GHz
stepping	: 10
microcode	: 0xb4
cpu MHz		: 4299.609
cache size	: 12288 KB
physical id	: 0
siblings	: 12
core id		: 4
cpu cores	: 6
apicid		: 8
initial apicid	: 8
fpu		: yes
fpu_exception	: yes
cpuid level	: 22
wp		: yes
flags		: fpu vme de pse tsc msr pae mce cx8 apic sep mtrr pge mca cmov pat pse36 clflush dts acpi mmx fxsr sse sse2 ss ht tm pbe syscall nx pdpe1gb rdtscp lm constant_tsc art arch_perfmon pebs bts rep_good nopl xtopology nonstop_tsc aperfmperf eagerfpu pni pclmulqdq dtes64 monitor ds_cpl vmx smx est tm2 ssse3 sdbg fma cx16 xtpr pdcm pcid sse4_1 sse4_2 x2apic movbe popcnt tsc_deadline_timer aes xsave avx f16c rdrand lahf_lm abm 3dnowprefetch epb intel_pt ssbd ibrs ibpb stibp tpr_shadow vnmi flexpriority ept vpid fsgsbase tsc_adjust bmi1 hle avx2 smep bmi2 erms invpcid rtm mpx rdseed adx smap clflushopt xsaveopt xsavec xgetbv1 dtherm ida arat pln pts hwp hwp_notify hwp_act_window hwp_epp md_clear spec_ctrl intel_stibp flush_l1d
bogomips	: 6384.00
clflush size	: 64
cache_alignment	: 64
address sizes	: 39 bits physical, 48 bits virtual
power management:

processor	: 5
vendor_id	: GenuineIntel
cpu family	: 6
model		: 158
model name	: Intel(R) Core(TM) i7-8700 CPU @ 3.20GHz
stepping	: 10
microcode	: 0xb4
cpu MHz		: 4299.609
cache size	: 12288 KB
physical id	: 0
siblings	: 12
core id		: 5
cpu cores	: 6
apicid		: 10
initial apicid	: 10
fpu		: yes
fpu_exception	: yes
cpuid level	: 22
wp		: yes
flags		: fpu vme de pse tsc msr pae mce cx8 apic sep mtrr pge mca cmov pat pse36 clflush dts acpi mmx fxsr sse sse2 ss ht tm pbe syscall nx pdpe1gb rdtscp lm constant_tsc art arch_perfmon pebs bts rep_good nopl xtopology nonstop_tsc aperfmperf eagerfpu pni pclmulqdq dtes64 monitor ds_cpl vmx smx est tm2 ssse3 sdbg fma cx16 xtpr pdcm pcid sse4_1 sse4_2 x2apic movbe popcnt tsc_deadline_timer aes xsave avx f16c rdrand lahf_lm abm 3dnowprefetch epb intel_pt ssbd ibrs ibpb stibp tpr_shadow vnmi flexpriority ept vpid fsgsbase tsc_adjust bmi1 hle avx2 smep bmi2 erms invpcid rtm mpx rdseed adx smap clflushopt xsaveopt xsavec xgetbv1 dtherm ida arat pln pts hwp hwp_notify hwp_act_window hwp_epp md_clear spec_ctrl intel_stibp flush_l1d
bogomips	: 6384.00
clflush size	: 64
cache_alignment	: 64
address sizes	: 39 bits physical, 48 bits virtual
power management:

processor	: 6
vendor_id	: GenuineIntel
cpu family	: 6
model		: 158
model name	: Intel(R) Core(TM) i7-8700 CPU @ 3.20GHz
stepping	: 10
microcode	: 0xb4
cpu MHz		: 4300.195
cache size	: 12288 KB
physical id	: 0
siblings	: 12
core id		: 0
cpu cores	: 6
apicid		: 1
initial apicid	: 1
fpu		: yes
fpu_exception	: yes
cpuid level	: 22
wp		: yes
flags		: fpu vme de pse tsc msr pae mce cx8 apic sep mtrr pge mca cmov pat pse36 clflush dts acpi mmx fxsr sse sse2 ss ht tm pbe syscall nx pdpe1gb rdtscp lm constant_tsc art arch_perfmon pebs bts rep_good nopl xtopology nonstop_tsc aperfmperf eagerfpu pni pclmulqdq dtes64 monitor ds_cpl vmx smx est tm2 ssse3 sdbg fma cx16 xtpr pdcm pcid sse4_1 sse4_2 x2apic movbe popcnt tsc_deadline_timer aes xsave avx f16c rdrand lahf_lm abm 3dnowprefetch epb intel_pt ssbd ibrs ibpb stibp tpr_shadow vnmi flexpriority ept vpid fsgsbase tsc_adjust bmi1 hle avx2 smep bmi2 erms invpcid rtm mpx rdseed adx smap clflushopt xsaveopt xsavec xgetbv1 dtherm ida arat pln pts hwp hwp_notify hwp_act_window hwp_epp md_clear spec_ctrl intel_stibp flush_l1d
bogomips	: 6384.00
clflush size	: 64
cache_alignment	: 64
address sizes	: 39 bits physical, 48 bits virtual
power management:

processor	: 7
vendor_id	: GenuineIntel
cpu family	: 6
model		: 158
model name	: Intel(R) Core(TM) i7-8700 CPU @ 3.20GHz
stepping	: 10
microcode	: 0xb4
cpu MHz		: 4300.781
cache size	: 12288 KB
physical id	: 0
siblings	: 12
core id		: 1
cpu cores	: 6
apicid		: 3
initial apicid	: 3
fpu		: yes
fpu_exception	: yes
cpuid level	: 22
wp		: yes
flags		: fpu vme de pse tsc msr pae mce cx8 apic sep mtrr pge mca cmov pat pse36 clflush dts acpi mmx fxsr sse sse2 ss ht tm pbe syscall nx pdpe1gb rdtscp lm constant_tsc art arch_perfmon pebs bts rep_good nopl xtopology nonstop_tsc aperfmperf eagerfpu pni pclmulqdq dtes64 monitor ds_cpl vmx smx est tm2 ssse3 sdbg fma cx16 xtpr pdcm pcid sse4_1 sse4_2 x2apic movbe popcnt tsc_deadline_timer aes xsave avx f16c rdrand lahf_lm abm 3dnowprefetch epb intel_pt ssbd ibrs ibpb stibp tpr_shadow vnmi flexpriority ept vpid fsgsbase tsc_adjust bmi1 hle avx2 smep bmi2 erms invpcid rtm mpx rdseed adx smap clflushopt xsaveopt xsavec xgetbv1 dtherm ida arat pln pts hwp hwp_notify hwp_act_window hwp_epp md_clear spec_ctrl intel_stibp flush_l1d
bogomips	: 6384.00
clflush size	: 64
cache_alignment	: 64
address sizes	: 39 bits physical, 48 bits virtual
power management:

processor	: 8
vendor_id	: GenuineIntel
cpu family	: 6
model		: 158
model name	: Intel(R) Core(TM) i7-8700 CPU @ 3.20GHz
stepping	: 10
microcode	: 0xb4
cpu MHz		: 4300.000
cache size	: 12288 KB
physical id	: 0
siblings	: 12
core id		: 2
cpu cores	: 6
apicid		: 5
initial apicid	: 5
fpu		: yes
fpu_exception	: yes
cpuid level	: 22
wp		: yes
flags		: fpu vme de pse tsc msr pae mce cx8 apic sep mtrr pge mca cmov pat pse36 clflush dts acpi mmx fxsr sse sse2 ss ht tm pbe syscall nx pdpe1gb rdtscp lm constant_tsc art arch_perfmon pebs bts rep_good nopl xtopology nonstop_tsc aperfmperf eagerfpu pni pclmulqdq dtes64 monitor ds_cpl vmx smx est tm2 ssse3 sdbg fma cx16 xtpr pdcm pcid sse4_1 sse4_2 x2apic movbe popcnt tsc_deadline_timer aes xsave avx f16c rdrand lahf_lm abm 3dnowprefetch epb intel_pt ssbd ibrs ibpb stibp tpr_shadow vnmi flexpriority ept vpid fsgsbase tsc_adjust bmi1 hle avx2 smep bmi2 erms invpcid rtm mpx rdseed adx smap clflushopt xsaveopt xsavec xgetbv1 dtherm ida arat pln pts hwp hwp_notify hwp_act_window hwp_epp md_clear spec_ctrl intel_stibp flush_l1d
bogomips	: 6384.00
clflush size	: 64
cache_alignment	: 64
address sizes	: 39 bits physical, 48 bits virtual
power management:

processor	: 9
vendor_id	: GenuineIntel
cpu family	: 6
model		: 158
model name	: Intel(R) Core(TM) i7-8700 CPU @ 3.20GHz
stepping	: 10
microcode	: 0xb4
cpu MHz		: 4300.000
cache size	: 12288 KB
physical id	: 0
siblings	: 12
core id		: 3
cpu cores	: 6
apicid		: 7
initial apicid	: 7
fpu		: yes
fpu_exception	: yes
cpuid level	: 22
wp		: yes
flags		: fpu vme de pse tsc msr pae mce cx8 apic sep mtrr pge mca cmov pat pse36 clflush dts acpi mmx fxsr sse sse2 ss ht tm pbe syscall nx pdpe1gb rdtscp lm constant_tsc art arch_perfmon pebs bts rep_good nopl xtopology nonstop_tsc aperfmperf eagerfpu pni pclmulqdq dtes64 monitor ds_cpl vmx smx est tm2 ssse3 sdbg fma cx16 xtpr pdcm pcid sse4_1 sse4_2 x2apic movbe popcnt tsc_deadline_timer aes xsave avx f16c rdrand lahf_lm abm 3dnowprefetch epb intel_pt ssbd ibrs ibpb stibp tpr_shadow vnmi flexpriority ept vpid fsgsbase tsc_adjust bmi1 hle avx2 smep bmi2 erms invpcid rtm mpx rdseed adx smap clflushopt xsaveopt xsavec xgetbv1 dtherm ida arat pln pts hwp hwp_notify hwp_act_window hwp_epp md_clear spec_ctrl intel_stibp flush_l1d
bogomips	: 6384.00
clflush size	: 64
cache_alignment	: 64
address sizes	: 39 bits physical, 48 bits virtual
power management:

processor	: 10
vendor_id	: GenuineIntel
cpu family	: 6
model		: 158
model name	: Intel(R) Core(TM) i7-8700 CPU @ 3.20GHz
stepping	: 10
microcode	: 0xb4
cpu MHz		: 4300.976
cache size	: 12288 KB
physical id	: 0
siblings	: 12
core id		: 4
cpu cores	: 6
apicid		: 9
initial apicid	: 9
fpu		: yes
fpu_exception	: yes
cpuid level	: 22
wp		: yes
flags		: fpu vme de pse tsc msr pae mce cx8 apic sep mtrr pge mca cmov pat pse36 clflush dts acpi mmx fxsr sse sse2 ss ht tm pbe syscall nx pdpe1gb rdtscp lm constant_tsc art arch_perfmon pebs bts rep_good nopl xtopology nonstop_tsc aperfmperf eagerfpu pni pclmulqdq dtes64 monitor ds_cpl vmx smx est tm2 ssse3 sdbg fma cx16 xtpr pdcm pcid sse4_1 sse4_2 x2apic movbe popcnt tsc_deadline_timer aes xsave avx f16c rdrand lahf_lm abm 3dnowprefetch epb intel_pt ssbd ibrs ibpb stibp tpr_shadow vnmi flexpriority ept vpid fsgsbase tsc_adjust bmi1 hle avx2 smep bmi2 erms invpcid rtm mpx rdseed adx smap clflushopt xsaveopt xsavec xgetbv1 dtherm ida arat pln pts hwp hwp_notify hwp_act_window hwp_epp md_clear spec_ctrl intel_stibp flush_l1d
bogomips	: 6384.00
clflush size	: 64
cache_alignment	: 64
address sizes	: 39 bits physical, 48 bits virtual
power management:

processor	: 11
vendor_id	: GenuineIntel
cpu family	: 6
model		: 158
model name	: Intel(R) Core(TM) i7-8700 CPU @ 3.20GHz
stepping	: 10
microcode	: 0xb4
cpu MHz		: 4300.000
cache size	: 12288 KB
physical id	: 0
siblings	: 12
core id		: 5
cpu cores	: 6
apicid		: 11
initial apicid	: 11
fpu		: yes
fpu_exception	: yes
cpuid level	: 22
wp		: yes
flags		: fpu vme de pse tsc msr pae mce cx8 apic sep mtrr pge mca cmov pat pse36 clflush dts acpi mmx fxsr sse sse2 ss ht tm pbe syscall nx pdpe1gb rdtscp lm constant_tsc art arch_perfmon pebs bts rep_good nopl xtopology nonstop_tsc aperfmperf eagerfpu pni pclmulqdq dtes64 monitor ds_cpl vmx smx est tm2 ssse3 sdbg fma cx16 xtpr pdcm pcid sse4_1 sse4_2 x2apic movbe popcnt tsc_deadline_timer aes xsave avx f16c rdrand lahf_lm abm 3dnowprefetch epb intel_pt ssbd ibrs ibpb stibp tpr_shadow vnmi flexpriority ept vpid fsgsbase tsc_adjust bmi1 hle avx2 smep bmi2 erms invpcid rtm mpx rdseed adx smap clflushopt xsaveopt xsavec xgetbv1 dtherm ida arat pln pts hwp hwp_notify hwp_act_window hwp_epp md_clear spec_ctrl intel_stibp flush_l1d
bogomips	: 6384.00
clflush size	: 64
cache_alignment	: 64
address sizes	: 39 bits physical, 48 bits virtual
power management:



Memory: 4k page, physical 32446100k(4074688k free), swap 16318460k(16315132k free)

vm_info: OpenJDK 64-Bit Server VM (25.212-b04) for linux-amd64 JRE (1.8.0_212-b04), built on Apr 17 2019 16:44:43 by "mockbuild" with gcc 4.8.5 20150623 (Red Hat 4.8.5-36)

time: Fri Jun 14 17:53:25 2019
timezone: CST
elapsed time: 2 seconds (0d 0h 0m 2s)

